<?xml version="1.0" encoding="UTF-8"?>
<testng-results ignored="0" total="2" passed="1" failed="1" skipped="0">
  <reporter-output>
  </reporter-output>
  <suite started-at="2022-07-05T21:29:14 IDT" name="Web Suite" finished-at="2022-07-05T21:29:26 IDT" duration-ms="12271">
    <groups>
    </groups>
    <test started-at="2022-07-05T21:29:14 IDT" name="Web Tests" finished-at="2022-07-05T21:29:26 IDT" duration-ms="12271">
      <class name="sanity.ToDoListElectron">
        <test-method is-config="true" signature="startSession(java.lang.String)[pri:0, instance:sanity.ToDoListElectron@49dbaaf3]" started-at="2022-07-05T21:29:14 IDT" name="startSession" finished-at="2022-07-05T21:29:18 IDT" duration-ms="4905" status="PASS">
          <params>
            <param index="0">
              <value>
                <![CDATA[electron]]>
              </value>
            </param>
          </params>
          <reporter-output>
          </reporter-output>
        </test-method> <!-- startSession -->
        <test-method is-config="true" signature="beforeMethod(java.lang.reflect.Method)[pri:0, instance:sanity.ToDoListElectron@49dbaaf3]" started-at="2022-07-05T21:29:18 IDT" name="beforeMethod" finished-at="2022-07-05T21:29:19 IDT" duration-ms="61" status="PASS">
          <params>
            <param index="0">
              <value>
                <![CDATA[public void sanity.ToDoListElectron.test01_addAndVerifyNewTask()]]>
              </value>
            </param>
          </params>
          <reporter-output>
          </reporter-output>
        </test-method> <!-- beforeMethod -->
        <test-method signature="test01_addAndVerifyNewTask()[pri:0, instance:sanity.ToDoListElectron@49dbaaf3]" started-at="2022-07-05T21:29:19 IDT" name="test01_addAndVerifyNewTask" description="Test01 - Add And Verify New Task" finished-at="2022-07-05T21:29:20 IDT" duration-ms="1253" status="PASS">
          <reporter-output>
          </reporter-output>
        </test-method> <!-- test01_addAndVerifyNewTask -->
        <test-method is-config="true" signature="afterMethod()[pri:0, instance:sanity.ToDoListElectron@49dbaaf3]" started-at="2022-07-05T21:29:20 IDT" name="afterMethod" finished-at="2022-07-05T21:29:25 IDT" duration-ms="5116" status="PASS">
          <reporter-output>
          </reporter-output>
        </test-method> <!-- afterMethod -->
        <test-method is-config="true" signature="beforeMethod(java.lang.reflect.Method)[pri:0, instance:sanity.ToDoListElectron@49dbaaf3]" started-at="2022-07-05T21:29:25 IDT" name="beforeMethod" finished-at="2022-07-05T21:29:25 IDT" duration-ms="6" status="PASS">
          <params>
            <param index="0">
              <value>
                <![CDATA[public void sanity.ToDoListElectron.test02_addAndVerifyNewTasks()]]>
              </value>
            </param>
          </params>
          <reporter-output>
          </reporter-output>
        </test-method> <!-- beforeMethod -->
        <test-method signature="test02_addAndVerifyNewTasks()[pri:0, instance:sanity.ToDoListElectron@49dbaaf3]" started-at="2022-07-05T21:29:25 IDT" name="test02_addAndVerifyNewTasks" description="Test02 - Add And Verify New Tasks" finished-at="2022-07-05T21:29:25 IDT" duration-ms="285" status="FAIL">
          <exception class="java.lang.AssertionError">
            <message>
              <![CDATA[expected [4] but found [3]]]>
            </message>
            <full-stacktrace>
              <![CDATA[java.lang.AssertionError: expected [4] but found [3]
at org.testng.Assert.fail(Assert.java:97)
at org.testng.Assert.assertEqualsImpl(Assert.java:136)
at org.testng.Assert.assertEquals(Assert.java:118)
at org.testng.Assert.assertEquals(Assert.java:839)
at org.testng.Assert.assertEquals(Assert.java:849)
at extensions.Verifications.verifyNumber(Verifications.java:56)
at sanity.ToDoListElectron.test02_addAndVerifyNewTasks(ToDoListElectron.java:30)
at java.base/jdk.internal.reflect.NativeMethodAccessorImpl.invoke0(Native Method)
at java.base/jdk.internal.reflect.NativeMethodAccessorImpl.invoke(NativeMethodAccessorImpl.java:77)
at java.base/jdk.internal.reflect.DelegatingMethodAccessorImpl.invoke(DelegatingMethodAccessorImpl.java:43)
at java.base/java.lang.reflect.Method.invoke(Method.java:568)
at org.testng.internal.MethodInvocationHelper.invokeMethod(MethodInvocationHelper.java:133)
at org.testng.internal.TestInvoker.invokeMethod(TestInvoker.java:584)
at org.testng.internal.TestInvoker.invokeTestMethod(TestInvoker.java:172)
at org.testng.internal.MethodRunner.runInSequence(MethodRunner.java:46)
at org.testng.internal.TestInvoker$MethodInvocationAgent.invoke(TestInvoker.java:804)
at org.testng.internal.TestInvoker.invokeTestMethods(TestInvoker.java:145)
at org.testng.internal.TestMethodWorker.invokeTestMethods(TestMethodWorker.java:146)
at org.testng.internal.TestMethodWorker.run(TestMethodWorker.java:128)
at java.base/java.util.ArrayList.forEach(ArrayList.java:1511)
at org.testng.TestRunner.privateRun(TestRunner.java:770)
at org.testng.TestRunner.run(TestRunner.java:591)
at org.testng.SuiteRunner.runTest(SuiteRunner.java:402)
at org.testng.SuiteRunner.runSequentially(SuiteRunner.java:396)
at org.testng.SuiteRunner.privateRun(SuiteRunner.java:355)
at org.testng.SuiteRunner.run(SuiteRunner.java:304)
at org.testng.SuiteRunnerWorker.runSuite(SuiteRunnerWorker.java:53)
at org.testng.SuiteRunnerWorker.run(SuiteRunnerWorker.java:96)
at org.testng.TestNG.runSuitesSequentially(TestNG.java:1180)
at org.testng.TestNG.runSuitesLocally(TestNG.java:1102)
at org.testng.TestNG.runSuites(TestNG.java:1032)
at org.testng.TestNG.run(TestNG.java:1000)
at org.apache.maven.surefire.testng.TestNGExecutor.run(TestNGExecutor.java:283)
at org.apache.maven.surefire.testng.TestNGXmlTestSuite.execute(TestNGXmlTestSuite.java:75)
at org.apache.maven.surefire.testng.TestNGProvider.invoke(TestNGProvider.java:120)
at org.apache.maven.surefire.booter.ForkedBooter.invokeProviderInSameClassLoader(ForkedBooter.java:384)
at org.apache.maven.surefire.booter.ForkedBooter.runSuitesInProcess(ForkedBooter.java:345)
at org.apache.maven.surefire.booter.ForkedBooter.execute(ForkedBooter.java:126)
at org.apache.maven.surefire.booter.ForkedBooter.main(ForkedBooter.java:418)
]]>
            </full-stacktrace>
          </exception> <!-- java.lang.AssertionError -->
          <reporter-output>
          </reporter-output>
        </test-method> <!-- test02_addAndVerifyNewTasks -->
        <test-method is-config="true" signature="afterMethod()[pri:0, instance:sanity.ToDoListElectron@49dbaaf3]" started-at="2022-07-05T21:29:26 IDT" name="afterMethod" finished-at="2022-07-05T21:29:26 IDT" duration-ms="73" status="PASS">
          <reporter-output>
          </reporter-output>
        </test-method> <!-- afterMethod -->
        <test-method is-config="true" signature="closeSession()[pri:0, instance:sanity.ToDoListElectron@49dbaaf3]" started-at="2022-07-05T21:29:26 IDT" name="closeSession" finished-at="2022-07-05T21:29:26 IDT" duration-ms="41" status="PASS">
          <reporter-output>
          </reporter-output>
        </test-method> <!-- closeSession -->
      </class> <!-- sanity.ToDoListElectron -->
    </test> <!-- Web Tests -->
  </suite> <!-- Web Suite -->
</testng-results>
